<?xml version="1.0" encoding="UTF-8"?>
<!-- Generated by org.testng.reporters.JUnitXMLReporter -->
<testsuite hostname="MacBook-Pro-3" name="Default test" tests="3" failures="0" timestamp="15 Sep 2017 02:23:29 GMT" time="8.328" errors="0">
  <testcase name="LoginTest" time="0.0" classname="com.test.TestTool">
    <skipped/>
  </testcase> <!-- LoginTest -->
  <testcase name="Testol" time="0.0" classname="com.test.TestTool">
    <skipped/>
  </testcase> <!-- Testol -->
  <testcase name="Type" time="0.0" classname="com.test.TestTool">
    <skipped/>
  </testcase> <!-- Type -->
</testsuite> <!-- Default test -->
